{"name":"Retirar articulo de wish list y verificar su retiro","id":"prueba-de-automatizacion-con-screenplay-practica-techandsolve;retirar-articulo-de-wish-list-y-verificar-su-retiro","testSteps":[{"number":1,"description":"Given que ingreso a la web","duration":0,"startTime":"2020-01-25T14:25:07.489-05:00[America/Bogota]","result":"SUCCESS","precondition":false,"level":0},{"number":2,"description":"And selecciono my account login","duration":6335,"startTime":"2020-01-25T14:25:07.489-05:00[America/Bogota]","exception":{"errorType":"net.thucydides.core.webdriver.exceptions.ElementShouldBeEnabledException","message":"Expected enabled element was not enabled","stackTrace":[{"declaringClass":"co.com.tutorialsninja.www.tasks.IngresarLoginTarea","methodName":"performAs","fileName":"IngresarLoginTarea.java","lineNumber":17},{"declaringClass":"co.com.tutorialsninja.www.stepdefinitions.TutorialsNinjaStepdefinitions","methodName":"seleccionoMyAccountLogin","fileName":"TutorialsNinjaStepdefinitions.java","lineNumber":103},{"declaringClass":"cucumber.runner.Runner","methodName":"runPickle","fileName":"Runner.java","lineNumber":80},{"declaringClass":"org.eclipse.jdt.internal.junit4.runner.JUnit4TestReference","methodName":"run","fileName":"JUnit4TestReference.java","lineNumber":86},{"declaringClass":"org.eclipse.jdt.internal.junit.runner.TestExecution","methodName":"run","fileName":"TestExecution.java","lineNumber":38},{"declaringClass":"org.eclipse.jdt.internal.junit.runner.RemoteTestRunner","methodName":"runTests","fileName":"RemoteTestRunner.java","lineNumber":459},{"declaringClass":"org.eclipse.jdt.internal.junit.runner.RemoteTestRunner","methodName":"runTests","fileName":"RemoteTestRunner.java","lineNumber":678},{"declaringClass":"org.eclipse.jdt.internal.junit.runner.RemoteTestRunner","methodName":"run","fileName":"RemoteTestRunner.java","lineNumber":382},{"declaringClass":"org.eclipse.jdt.internal.junit.runner.RemoteTestRunner","methodName":"main","fileName":"RemoteTestRunner.java","lineNumber":192}],"rootCause":{"errorType":"org.openqa.selenium.TimeoutException","message":"Expected condition failed: waiting for By.xpath: //span[contains(text(),\u0027My Account\u0027)] to be enabled (tried for 3 second(s) with 100 milliseconds interval)","stackTrace":[{"declaringClass":"co.com.tutorialsninja.www.tasks.IngresarLoginTarea","methodName":"performAs","fileName":"IngresarLoginTarea.java","lineNumber":17},{"declaringClass":"co.com.tutorialsninja.www.stepdefinitions.TutorialsNinjaStepdefinitions","methodName":"seleccionoMyAccountLogin","fileName":"TutorialsNinjaStepdefinitions.java","lineNumber":103},{"declaringClass":"cucumber.runner.Runner","methodName":"runPickle","fileName":"Runner.java","lineNumber":80},{"declaringClass":"org.eclipse.jdt.internal.junit4.runner.JUnit4TestReference","methodName":"run","fileName":"JUnit4TestReference.java","lineNumber":86},{"declaringClass":"org.eclipse.jdt.internal.junit.runner.TestExecution","methodName":"run","fileName":"TestExecution.java","lineNumber":38},{"declaringClass":"org.eclipse.jdt.internal.junit.runner.RemoteTestRunner","methodName":"runTests","fileName":"RemoteTestRunner.java","lineNumber":459},{"declaringClass":"org.eclipse.jdt.internal.junit.runner.RemoteTestRunner","methodName":"runTests","fileName":"RemoteTestRunner.java","lineNumber":678},{"declaringClass":"org.eclipse.jdt.internal.junit.runner.RemoteTestRunner","methodName":"run","fileName":"RemoteTestRunner.java","lineNumber":382},{"declaringClass":"org.eclipse.jdt.internal.junit.runner.RemoteTestRunner","methodName":"main","fileName":"RemoteTestRunner.java","lineNumber":192}],"rootCause":{"errorType":"org.openqa.selenium.NoSuchElementException","message":"no such element: Unable to locate element: {\"method\":\"xpath\",\"selector\":\"//span[contains(text(),\u0027My Account\u0027)]\"}\n  (Session info: chrome\u003d79.0.3945.130)\n  (Driver info: chromedriver\u003d71.0.3578.137 (86ee722808adfe9e3c92e6e8ea746ade08423c7e),platform\u003dWindows NT 10.0.17763 x86_64) (WARNING: The server did not provide any stacktrace information)\nCommand duration or timeout: 0 milliseconds\nFor documentation on this error, please visit: https://www.seleniumhq.org/exceptions/no_such_element.html\nBuild info: version: \u00273.141.59\u0027, revision: \u0027e82be7d358\u0027, time: \u00272018-11-14T08:17:03\u0027\nSystem info: host: \u00273RO-PQVIS7QK00P\u0027, ip: \u0027192.168.0.18\u0027, os.name: \u0027Windows 10\u0027, os.arch: \u0027amd64\u0027, os.version: \u002710.0\u0027, java.version: \u00271.8.0_201\u0027\nDriver info: org.openqa.selenium.remote.RemoteWebDriver\nCapabilities {acceptInsecureCerts: false, acceptSslCerts: false, applicationCacheEnabled: false, browserConnectionEnabled: false, browserName: chrome, chrome: {chromedriverVersion: 71.0.3578.137 (86ee722808ad..., userDataDir: C:\\Users\\ediscobe\\AppData\\L...}, cssSelectorsEnabled: true, databaseEnabled: false, goog:chromeOptions: {debuggerAddress: localhost:49495}, handlesAlerts: true, hasTouchScreen: false, javascriptEnabled: true, locationContextEnabled: true, mobileEmulationEnabled: false, nativeEvents: true, networkConnectionEnabled: false, pageLoadStrategy: normal, platform: XP, platformName: XP, rotatable: false, setWindowRect: true, takesHeapSnapshot: true, takesScreenshot: true, unexpectedAlertBehaviour: , unhandledPromptBehavior: , version: 79.0.3945.130, webStorageEnabled: true}\nSession ID: e1c7b7a03a3ea57b7a58072eb9fe5406\n*** Element info: {Using\u003dxpath, value\u003d//span[contains(text(),\u0027My Account\u0027)]}","stackTrace":[{"declaringClass":"co.com.tutorialsninja.www.tasks.IngresarLoginTarea","methodName":"performAs","fileName":"IngresarLoginTarea.java","lineNumber":17},{"declaringClass":"co.com.tutorialsninja.www.stepdefinitions.TutorialsNinjaStepdefinitions","methodName":"seleccionoMyAccountLogin","fileName":"TutorialsNinjaStepdefinitions.java","lineNumber":103},{"declaringClass":"cucumber.runner.Runner","methodName":"runPickle","fileName":"Runner.java","lineNumber":80},{"declaringClass":"org.eclipse.jdt.internal.junit4.runner.JUnit4TestReference","methodName":"run","fileName":"JUnit4TestReference.java","lineNumber":86},{"declaringClass":"org.eclipse.jdt.internal.junit.runner.TestExecution","methodName":"run","fileName":"TestExecution.java","lineNumber":38},{"declaringClass":"org.eclipse.jdt.internal.junit.runner.RemoteTestRunner","methodName":"runTests","fileName":"RemoteTestRunner.java","lineNumber":459},{"declaringClass":"org.eclipse.jdt.internal.junit.runner.RemoteTestRunner","methodName":"runTests","fileName":"RemoteTestRunner.java","lineNumber":678},{"declaringClass":"org.eclipse.jdt.internal.junit.runner.RemoteTestRunner","methodName":"run","fileName":"RemoteTestRunner.java","lineNumber":382},{"declaringClass":"org.eclipse.jdt.internal.junit.runner.RemoteTestRunner","methodName":"main","fileName":"RemoteTestRunner.java","lineNumber":192}]}}},"result":"FAILURE","precondition":false,"level":0,"children":[{"number":3,"description":"Automatizador ingresar login tarea","duration":6332,"startTime":"2020-01-25T14:25:07.491-05:00[America/Bogota]","exception":{"errorType":"net.thucydides.core.webdriver.exceptions.ElementShouldBeEnabledException","message":"Expected enabled element was not enabled","stackTrace":[{"declaringClass":"co.com.tutorialsninja.www.tasks.IngresarLoginTarea","methodName":"performAs","fileName":"IngresarLoginTarea.java","lineNumber":17},{"declaringClass":"co.com.tutorialsninja.www.stepdefinitions.TutorialsNinjaStepdefinitions","methodName":"seleccionoMyAccountLogin","fileName":"TutorialsNinjaStepdefinitions.java","lineNumber":103},{"declaringClass":"cucumber.runner.Runner","methodName":"runPickle","fileName":"Runner.java","lineNumber":80},{"declaringClass":"org.eclipse.jdt.internal.junit4.runner.JUnit4TestReference","methodName":"run","fileName":"JUnit4TestReference.java","lineNumber":86},{"declaringClass":"org.eclipse.jdt.internal.junit.runner.TestExecution","methodName":"run","fileName":"TestExecution.java","lineNumber":38},{"declaringClass":"org.eclipse.jdt.internal.junit.runner.RemoteTestRunner","methodName":"runTests","fileName":"RemoteTestRunner.java","lineNumber":459},{"declaringClass":"org.eclipse.jdt.internal.junit.runner.RemoteTestRunner","methodName":"runTests","fileName":"RemoteTestRunner.java","lineNumber":678},{"declaringClass":"org.eclipse.jdt.internal.junit.runner.RemoteTestRunner","methodName":"run","fileName":"RemoteTestRunner.java","lineNumber":382},{"declaringClass":"org.eclipse.jdt.internal.junit.runner.RemoteTestRunner","methodName":"main","fileName":"RemoteTestRunner.java","lineNumber":192}],"rootCause":{"errorType":"org.openqa.selenium.TimeoutException","message":"Expected condition failed: waiting for By.xpath: //span[contains(text(),\u0027My Account\u0027)] to be enabled (tried for 3 second(s) with 100 milliseconds interval)","stackTrace":[{"declaringClass":"co.com.tutorialsninja.www.tasks.IngresarLoginTarea","methodName":"performAs","fileName":"IngresarLoginTarea.java","lineNumber":17},{"declaringClass":"co.com.tutorialsninja.www.stepdefinitions.TutorialsNinjaStepdefinitions","methodName":"seleccionoMyAccountLogin","fileName":"TutorialsNinjaStepdefinitions.java","lineNumber":103},{"declaringClass":"cucumber.runner.Runner","methodName":"runPickle","fileName":"Runner.java","lineNumber":80},{"declaringClass":"org.eclipse.jdt.internal.junit4.runner.JUnit4TestReference","methodName":"run","fileName":"JUnit4TestReference.java","lineNumber":86},{"declaringClass":"org.eclipse.jdt.internal.junit.runner.TestExecution","methodName":"run","fileName":"TestExecution.java","lineNumber":38},{"declaringClass":"org.eclipse.jdt.internal.junit.runner.RemoteTestRunner","methodName":"runTests","fileName":"RemoteTestRunner.java","lineNumber":459},{"declaringClass":"org.eclipse.jdt.internal.junit.runner.RemoteTestRunner","methodName":"runTests","fileName":"RemoteTestRunner.java","lineNumber":678},{"declaringClass":"org.eclipse.jdt.internal.junit.runner.RemoteTestRunner","methodName":"run","fileName":"RemoteTestRunner.java","lineNumber":382},{"declaringClass":"org.eclipse.jdt.internal.junit.runner.RemoteTestRunner","methodName":"main","fileName":"RemoteTestRunner.java","lineNumber":192}],"rootCause":{"errorType":"org.openqa.selenium.NoSuchElementException","message":"no such element: Unable to locate element: {\"method\":\"xpath\",\"selector\":\"//span[contains(text(),\u0027My Account\u0027)]\"}\n  (Session info: chrome\u003d79.0.3945.130)\n  (Driver info: chromedriver\u003d71.0.3578.137 (86ee722808adfe9e3c92e6e8ea746ade08423c7e),platform\u003dWindows NT 10.0.17763 x86_64) (WARNING: The server did not provide any stacktrace information)\nCommand duration or timeout: 0 milliseconds\nFor documentation on this error, please visit: https://www.seleniumhq.org/exceptions/no_such_element.html\nBuild info: version: \u00273.141.59\u0027, revision: \u0027e82be7d358\u0027, time: \u00272018-11-14T08:17:03\u0027\nSystem info: host: \u00273RO-PQVIS7QK00P\u0027, ip: \u0027192.168.0.18\u0027, os.name: \u0027Windows 10\u0027, os.arch: \u0027amd64\u0027, os.version: \u002710.0\u0027, java.version: \u00271.8.0_201\u0027\nDriver info: org.openqa.selenium.remote.RemoteWebDriver\nCapabilities {acceptInsecureCerts: false, acceptSslCerts: false, applicationCacheEnabled: false, browserConnectionEnabled: false, browserName: chrome, chrome: {chromedriverVersion: 71.0.3578.137 (86ee722808ad..., userDataDir: C:\\Users\\ediscobe\\AppData\\L...}, cssSelectorsEnabled: true, databaseEnabled: false, goog:chromeOptions: {debuggerAddress: localhost:49495}, handlesAlerts: true, hasTouchScreen: false, javascriptEnabled: true, locationContextEnabled: true, mobileEmulationEnabled: false, nativeEvents: true, networkConnectionEnabled: false, pageLoadStrategy: normal, platform: XP, platformName: XP, rotatable: false, setWindowRect: true, takesHeapSnapshot: true, takesScreenshot: true, unexpectedAlertBehaviour: , unhandledPromptBehavior: , version: 79.0.3945.130, webStorageEnabled: true}\nSession ID: e1c7b7a03a3ea57b7a58072eb9fe5406\n*** Element info: {Using\u003dxpath, value\u003d//span[contains(text(),\u0027My Account\u0027)]}","stackTrace":[{"declaringClass":"co.com.tutorialsninja.www.tasks.IngresarLoginTarea","methodName":"performAs","fileName":"IngresarLoginTarea.java","lineNumber":17},{"declaringClass":"co.com.tutorialsninja.www.stepdefinitions.TutorialsNinjaStepdefinitions","methodName":"seleccionoMyAccountLogin","fileName":"TutorialsNinjaStepdefinitions.java","lineNumber":103},{"declaringClass":"cucumber.runner.Runner","methodName":"runPickle","fileName":"Runner.java","lineNumber":80},{"declaringClass":"org.eclipse.jdt.internal.junit4.runner.JUnit4TestReference","methodName":"run","fileName":"JUnit4TestReference.java","lineNumber":86},{"declaringClass":"org.eclipse.jdt.internal.junit.runner.TestExecution","methodName":"run","fileName":"TestExecution.java","lineNumber":38},{"declaringClass":"org.eclipse.jdt.internal.junit.runner.RemoteTestRunner","methodName":"runTests","fileName":"RemoteTestRunner.java","lineNumber":459},{"declaringClass":"org.eclipse.jdt.internal.junit.runner.RemoteTestRunner","methodName":"runTests","fileName":"RemoteTestRunner.java","lineNumber":678},{"declaringClass":"org.eclipse.jdt.internal.junit.runner.RemoteTestRunner","methodName":"run","fileName":"RemoteTestRunner.java","lineNumber":382},{"declaringClass":"org.eclipse.jdt.internal.junit.runner.RemoteTestRunner","methodName":"main","fileName":"RemoteTestRunner.java","lineNumber":192}]}}},"result":"FAILURE","precondition":false,"level":1,"children":[{"number":4,"description":"Automatizador clicks on Este selecciona el campo cuenta","duration":6326,"startTime":"2020-01-25T14:25:07.493-05:00[America/Bogota]","screenshots":[{"screenshot":"0fa0547c6214d10f336dbf2145140a0eccd32c80ed7bd25386014a4227efbf51.png","htmlSource":"pagesource7733296379356660599.html.txt","timeStamp":1579980313817}],"exception":{"errorType":"net.thucydides.core.webdriver.exceptions.ElementShouldBeEnabledException","message":"Expected enabled element was not enabled","stackTrace":[{"declaringClass":"co.com.tutorialsninja.www.tasks.IngresarLoginTarea","methodName":"performAs","fileName":"IngresarLoginTarea.java","lineNumber":17},{"declaringClass":"co.com.tutorialsninja.www.stepdefinitions.TutorialsNinjaStepdefinitions","methodName":"seleccionoMyAccountLogin","fileName":"TutorialsNinjaStepdefinitions.java","lineNumber":103},{"declaringClass":"cucumber.runner.Runner","methodName":"runPickle","fileName":"Runner.java","lineNumber":80},{"declaringClass":"org.eclipse.jdt.internal.junit4.runner.JUnit4TestReference","methodName":"run","fileName":"JUnit4TestReference.java","lineNumber":86},{"declaringClass":"org.eclipse.jdt.internal.junit.runner.TestExecution","methodName":"run","fileName":"TestExecution.java","lineNumber":38},{"declaringClass":"org.eclipse.jdt.internal.junit.runner.RemoteTestRunner","methodName":"runTests","fileName":"RemoteTestRunner.java","lineNumber":459},{"declaringClass":"org.eclipse.jdt.internal.junit.runner.RemoteTestRunner","methodName":"runTests","fileName":"RemoteTestRunner.java","lineNumber":678},{"declaringClass":"org.eclipse.jdt.internal.junit.runner.RemoteTestRunner","methodName":"run","fileName":"RemoteTestRunner.java","lineNumber":382},{"declaringClass":"org.eclipse.jdt.internal.junit.runner.RemoteTestRunner","methodName":"main","fileName":"RemoteTestRunner.java","lineNumber":192}],"rootCause":{"errorType":"org.openqa.selenium.TimeoutException","message":"Expected condition failed: waiting for By.xpath: //span[contains(text(),\u0027My Account\u0027)] to be enabled (tried for 3 second(s) with 100 milliseconds interval)","stackTrace":[{"declaringClass":"co.com.tutorialsninja.www.tasks.IngresarLoginTarea","methodName":"performAs","fileName":"IngresarLoginTarea.java","lineNumber":17},{"declaringClass":"co.com.tutorialsninja.www.stepdefinitions.TutorialsNinjaStepdefinitions","methodName":"seleccionoMyAccountLogin","fileName":"TutorialsNinjaStepdefinitions.java","lineNumber":103},{"declaringClass":"cucumber.runner.Runner","methodName":"runPickle","fileName":"Runner.java","lineNumber":80},{"declaringClass":"org.eclipse.jdt.internal.junit4.runner.JUnit4TestReference","methodName":"run","fileName":"JUnit4TestReference.java","lineNumber":86},{"declaringClass":"org.eclipse.jdt.internal.junit.runner.TestExecution","methodName":"run","fileName":"TestExecution.java","lineNumber":38},{"declaringClass":"org.eclipse.jdt.internal.junit.runner.RemoteTestRunner","methodName":"runTests","fileName":"RemoteTestRunner.java","lineNumber":459},{"declaringClass":"org.eclipse.jdt.internal.junit.runner.RemoteTestRunner","methodName":"runTests","fileName":"RemoteTestRunner.java","lineNumber":678},{"declaringClass":"org.eclipse.jdt.internal.junit.runner.RemoteTestRunner","methodName":"run","fileName":"RemoteTestRunner.java","lineNumber":382},{"declaringClass":"org.eclipse.jdt.internal.junit.runner.RemoteTestRunner","methodName":"main","fileName":"RemoteTestRunner.java","lineNumber":192}],"rootCause":{"errorType":"org.openqa.selenium.NoSuchElementException","message":"no such element: Unable to locate element: {\"method\":\"xpath\",\"selector\":\"//span[contains(text(),\u0027My Account\u0027)]\"}\n  (Session info: chrome\u003d79.0.3945.130)\n  (Driver info: chromedriver\u003d71.0.3578.137 (86ee722808adfe9e3c92e6e8ea746ade08423c7e),platform\u003dWindows NT 10.0.17763 x86_64) (WARNING: The server did not provide any stacktrace information)\nCommand duration or timeout: 0 milliseconds\nFor documentation on this error, please visit: https://www.seleniumhq.org/exceptions/no_such_element.html\nBuild info: version: \u00273.141.59\u0027, revision: \u0027e82be7d358\u0027, time: \u00272018-11-14T08:17:03\u0027\nSystem info: host: \u00273RO-PQVIS7QK00P\u0027, ip: \u0027192.168.0.18\u0027, os.name: \u0027Windows 10\u0027, os.arch: \u0027amd64\u0027, os.version: \u002710.0\u0027, java.version: \u00271.8.0_201\u0027\nDriver info: org.openqa.selenium.remote.RemoteWebDriver\nCapabilities {acceptInsecureCerts: false, acceptSslCerts: false, applicationCacheEnabled: false, browserConnectionEnabled: false, browserName: chrome, chrome: {chromedriverVersion: 71.0.3578.137 (86ee722808ad..., userDataDir: C:\\Users\\ediscobe\\AppData\\L...}, cssSelectorsEnabled: true, databaseEnabled: false, goog:chromeOptions: {debuggerAddress: localhost:49495}, handlesAlerts: true, hasTouchScreen: false, javascriptEnabled: true, locationContextEnabled: true, mobileEmulationEnabled: false, nativeEvents: true, networkConnectionEnabled: false, pageLoadStrategy: normal, platform: XP, platformName: XP, rotatable: false, setWindowRect: true, takesHeapSnapshot: true, takesScreenshot: true, unexpectedAlertBehaviour: , unhandledPromptBehavior: , version: 79.0.3945.130, webStorageEnabled: true}\nSession ID: e1c7b7a03a3ea57b7a58072eb9fe5406\n*** Element info: {Using\u003dxpath, value\u003d//span[contains(text(),\u0027My Account\u0027)]}","stackTrace":[{"declaringClass":"co.com.tutorialsninja.www.tasks.IngresarLoginTarea","methodName":"performAs","fileName":"IngresarLoginTarea.java","lineNumber":17},{"declaringClass":"co.com.tutorialsninja.www.stepdefinitions.TutorialsNinjaStepdefinitions","methodName":"seleccionoMyAccountLogin","fileName":"TutorialsNinjaStepdefinitions.java","lineNumber":103},{"declaringClass":"cucumber.runner.Runner","methodName":"runPickle","fileName":"Runner.java","lineNumber":80},{"declaringClass":"org.eclipse.jdt.internal.junit4.runner.JUnit4TestReference","methodName":"run","fileName":"JUnit4TestReference.java","lineNumber":86},{"declaringClass":"org.eclipse.jdt.internal.junit.runner.TestExecution","methodName":"run","fileName":"TestExecution.java","lineNumber":38},{"declaringClass":"org.eclipse.jdt.internal.junit.runner.RemoteTestRunner","methodName":"runTests","fileName":"RemoteTestRunner.java","lineNumber":459},{"declaringClass":"org.eclipse.jdt.internal.junit.runner.RemoteTestRunner","methodName":"runTests","fileName":"RemoteTestRunner.java","lineNumber":678},{"declaringClass":"org.eclipse.jdt.internal.junit.runner.RemoteTestRunner","methodName":"run","fileName":"RemoteTestRunner.java","lineNumber":382},{"declaringClass":"org.eclipse.jdt.internal.junit.runner.RemoteTestRunner","methodName":"main","fileName":"RemoteTestRunner.java","lineNumber":192}]}}},"result":"FAILURE","precondition":false,"level":2}]}]},{"number":5,"description":"And ingreso user y pass","duration":0,"startTime":"2020-01-25T14:25:13.826-05:00[America/Bogota]","result":"SKIPPED","precondition":false,"level":0},{"number":6,"description":"When selecciono el link de wish list","duration":0,"startTime":"2020-01-25T14:25:13.826-05:00[America/Bogota]","result":"SKIPPED","precondition":false,"level":0},{"number":7,"description":"And selecciono elemento a borrar","duration":0,"startTime":"2020-01-25T14:25:13.827-05:00[America/Bogota]","result":"SKIPPED","precondition":false,"level":0},{"number":8,"description":"Then presiono la  cruz","duration":0,"startTime":"2020-01-25T14:25:13.827-05:00[America/Bogota]","result":"SKIPPED","precondition":false,"level":0},{"number":9,"description":"And veo el mensaje de eliminado","duration":0,"startTime":"2020-01-25T14:25:13.828-05:00[America/Bogota]","result":"SKIPPED","precondition":false,"level":0}],"userStory":{"id":"prueba-de-automatizacion-con-screenplay-practica-techandsolve","storyName":"Prueba de automatizacion con Screenplay practica TechAndSolve","path":"src/test/resources/co/com/tutorialsninja/www/features/compra_tutorialsninja.feature","narrative":"\tyo deseo realizar parcticas de automatizacion desde la pagina http://tutorialsninja.com/demo","type":"feature"},"featureTag":{"name":"Features/Prueba de automatizacion con Screenplay practica TechAndSolve","type":"feature"},"title":"Retirar articulo de wish list y verificar su retiro","startTime":"2020-01-25T14:25:07.486-05:00[America/Bogota]","duration":6342,"testFailureCause":{"errorType":"net.thucydides.core.webdriver.exceptions.ElementShouldBeEnabledException","message":"Expected enabled element was not enabled","stackTrace":[{"declaringClass":"co.com.tutorialsninja.www.tasks.IngresarLoginTarea","methodName":"performAs","fileName":"IngresarLoginTarea.java","lineNumber":17},{"declaringClass":"co.com.tutorialsninja.www.stepdefinitions.TutorialsNinjaStepdefinitions","methodName":"seleccionoMyAccountLogin","fileName":"TutorialsNinjaStepdefinitions.java","lineNumber":103},{"declaringClass":"cucumber.runner.Runner","methodName":"runPickle","fileName":"Runner.java","lineNumber":80},{"declaringClass":"org.eclipse.jdt.internal.junit4.runner.JUnit4TestReference","methodName":"run","fileName":"JUnit4TestReference.java","lineNumber":86},{"declaringClass":"org.eclipse.jdt.internal.junit.runner.TestExecution","methodName":"run","fileName":"TestExecution.java","lineNumber":38},{"declaringClass":"org.eclipse.jdt.internal.junit.runner.RemoteTestRunner","methodName":"runTests","fileName":"RemoteTestRunner.java","lineNumber":459},{"declaringClass":"org.eclipse.jdt.internal.junit.runner.RemoteTestRunner","methodName":"runTests","fileName":"RemoteTestRunner.java","lineNumber":678},{"declaringClass":"org.eclipse.jdt.internal.junit.runner.RemoteTestRunner","methodName":"run","fileName":"RemoteTestRunner.java","lineNumber":382},{"declaringClass":"org.eclipse.jdt.internal.junit.runner.RemoteTestRunner","methodName":"main","fileName":"RemoteTestRunner.java","lineNumber":192}],"rootCause":{"errorType":"org.openqa.selenium.TimeoutException","message":"Expected condition failed: waiting for By.xpath: //span[contains(text(),\u0027My Account\u0027)] to be enabled (tried for 3 second(s) with 100 milliseconds interval)","stackTrace":[{"declaringClass":"co.com.tutorialsninja.www.tasks.IngresarLoginTarea","methodName":"performAs","fileName":"IngresarLoginTarea.java","lineNumber":17},{"declaringClass":"co.com.tutorialsninja.www.stepdefinitions.TutorialsNinjaStepdefinitions","methodName":"seleccionoMyAccountLogin","fileName":"TutorialsNinjaStepdefinitions.java","lineNumber":103},{"declaringClass":"cucumber.runner.Runner","methodName":"runPickle","fileName":"Runner.java","lineNumber":80},{"declaringClass":"org.eclipse.jdt.internal.junit4.runner.JUnit4TestReference","methodName":"run","fileName":"JUnit4TestReference.java","lineNumber":86},{"declaringClass":"org.eclipse.jdt.internal.junit.runner.TestExecution","methodName":"run","fileName":"TestExecution.java","lineNumber":38},{"declaringClass":"org.eclipse.jdt.internal.junit.runner.RemoteTestRunner","methodName":"runTests","fileName":"RemoteTestRunner.java","lineNumber":459},{"declaringClass":"org.eclipse.jdt.internal.junit.runner.RemoteTestRunner","methodName":"runTests","fileName":"RemoteTestRunner.java","lineNumber":678},{"declaringClass":"org.eclipse.jdt.internal.junit.runner.RemoteTestRunner","methodName":"run","fileName":"RemoteTestRunner.java","lineNumber":382},{"declaringClass":"org.eclipse.jdt.internal.junit.runner.RemoteTestRunner","methodName":"main","fileName":"RemoteTestRunner.java","lineNumber":192}],"rootCause":{"errorType":"org.openqa.selenium.NoSuchElementException","message":"no such element: Unable to locate element: {\"method\":\"xpath\",\"selector\":\"//span[contains(text(),\u0027My Account\u0027)]\"}\n  (Session info: chrome\u003d79.0.3945.130)\n  (Driver info: chromedriver\u003d71.0.3578.137 (86ee722808adfe9e3c92e6e8ea746ade08423c7e),platform\u003dWindows NT 10.0.17763 x86_64) (WARNING: The server did not provide any stacktrace information)\nCommand duration or timeout: 0 milliseconds\nFor documentation on this error, please visit: https://www.seleniumhq.org/exceptions/no_such_element.html\nBuild info: version: \u00273.141.59\u0027, revision: \u0027e82be7d358\u0027, time: \u00272018-11-14T08:17:03\u0027\nSystem info: host: \u00273RO-PQVIS7QK00P\u0027, ip: \u0027192.168.0.18\u0027, os.name: \u0027Windows 10\u0027, os.arch: \u0027amd64\u0027, os.version: \u002710.0\u0027, java.version: \u00271.8.0_201\u0027\nDriver info: org.openqa.selenium.remote.RemoteWebDriver\nCapabilities {acceptInsecureCerts: false, acceptSslCerts: false, applicationCacheEnabled: false, browserConnectionEnabled: false, browserName: chrome, chrome: {chromedriverVersion: 71.0.3578.137 (86ee722808ad..., userDataDir: C:\\Users\\ediscobe\\AppData\\L...}, cssSelectorsEnabled: true, databaseEnabled: false, goog:chromeOptions: {debuggerAddress: localhost:49495}, handlesAlerts: true, hasTouchScreen: false, javascriptEnabled: true, locationContextEnabled: true, mobileEmulationEnabled: false, nativeEvents: true, networkConnectionEnabled: false, pageLoadStrategy: normal, platform: XP, platformName: XP, rotatable: false, setWindowRect: true, takesHeapSnapshot: true, takesScreenshot: true, unexpectedAlertBehaviour: , unhandledPromptBehavior: , version: 79.0.3945.130, webStorageEnabled: true}\nSession ID: e1c7b7a03a3ea57b7a58072eb9fe5406\n*** Element info: {Using\u003dxpath, value\u003d//span[contains(text(),\u0027My Account\u0027)]}","stackTrace":[{"declaringClass":"co.com.tutorialsninja.www.tasks.IngresarLoginTarea","methodName":"performAs","fileName":"IngresarLoginTarea.java","lineNumber":17},{"declaringClass":"co.com.tutorialsninja.www.stepdefinitions.TutorialsNinjaStepdefinitions","methodName":"seleccionoMyAccountLogin","fileName":"TutorialsNinjaStepdefinitions.java","lineNumber":103},{"declaringClass":"cucumber.runner.Runner","methodName":"runPickle","fileName":"Runner.java","lineNumber":80},{"declaringClass":"org.eclipse.jdt.internal.junit4.runner.JUnit4TestReference","methodName":"run","fileName":"JUnit4TestReference.java","lineNumber":86},{"declaringClass":"org.eclipse.jdt.internal.junit.runner.TestExecution","methodName":"run","fileName":"TestExecution.java","lineNumber":38},{"declaringClass":"org.eclipse.jdt.internal.junit.runner.RemoteTestRunner","methodName":"runTests","fileName":"RemoteTestRunner.java","lineNumber":459},{"declaringClass":"org.eclipse.jdt.internal.junit.runner.RemoteTestRunner","methodName":"runTests","fileName":"RemoteTestRunner.java","lineNumber":678},{"declaringClass":"org.eclipse.jdt.internal.junit.runner.RemoteTestRunner","methodName":"run","fileName":"RemoteTestRunner.java","lineNumber":382},{"declaringClass":"org.eclipse.jdt.internal.junit.runner.RemoteTestRunner","methodName":"main","fileName":"RemoteTestRunner.java","lineNumber":192}]}}},"testFailureClassname":"net.thucydides.core.webdriver.exceptions.ElementShouldBeEnabledException","testFailureMessage":"Expected enabled element was not enabled","testFailureSummary":"FAILURE;net.thucydides.core.webdriver.exceptions.ElementShouldBeEnabledException;Expected enabled element was not enabled;IngresarLoginTarea.java","projectKey":"","annotatedResult":"FAILURE","sessionId":"e1c7b7a03a3ea57b7a58072eb9fe5406","driver":"chrome","manual":false,"testSource":"Cucumber","actors":[{"name":"Automatizador","can":["browse the web"]}],"result":"FAILURE"}